# JRE version: OpenJDK Runtime Environment (8.0_152-b01) (build 1.8.0_152-release-1024-b01)
# Java VM: OpenJDK 64-Bit Server VM (25.152-b01 mixed mode linux-amd64 compressed oops)
Heap:
 PSYoungGen      total 481792K, used 10624K [0x00000000e0000000, 0x0000000100000000, 0x0000000100000000)
  eden space 442880K, 0% used [0x00000000e0000000,0x00000000e0000000,0x00000000fb080000)
  from space 38912K, 27% used [0x00000000fb080000,0x00000000fbae0268,0x00000000fd680000)
  to   space 38400K, 0% used [0x00000000fda80000,0x00000000fda80000,0x0000000100000000)
 ParOldGen       total 148992K, used 68150K [0x00000000a0000000, 0x00000000a9180000, 0x00000000e0000000)
  object space 148992K, 45% used [0x00000000a0000000,0x00000000a428dba8,0x00000000a9180000)
 Metaspace       used 93431K, capacity 98322K, committed 98348K, reserved 1134592K
  class space    used 11854K, capacity 12843K, committed 12844K, reserved 1048576K
GC Heap History (10 events):
Event: 2532,532 GC heap after
Heap after GC invocations=24 (full 3):
 PSYoungGen      total 411136K, used 23722K [0x00000000e0000000, 0x0000000100000000, 0x0000000100000000)
  eden space 367104K, 0% used [0x00000000e0000000,0x00000000e0000000,0x00000000f6680000)
  from space 44032K, 53% used [0x00000000f6680000,0x00000000f7daa8f8,0x00000000f9180000)
  to   space 42496K, 0% used [0x00000000fd680000,0x00000000fd680000,0x0000000100000000)
 ParOldGen       total 148992K, used 53476K [0x00000000a0000000, 0x00000000a9180000, 0x00000000e0000000)
  object space 148992K, 35% used [0x00000000a0000000,0x00000000a34393d8,0x00000000a9180000)
 Metaspace       used 91099K, capacity 95456K, committed 95744K, reserved 1132544K
  class space    used 11581K, capacity 12468K, committed 12544K, reserved 1048576K
}
Event: 2534,795 GC heap before
{Heap before GC invocations=25 (full 3):
 PSYoungGen      total 411136K, used 389855K [0x00000000e0000000, 0x0000000100000000, 0x0000000100000000)
  eden space 367104K, 99% used [0x00000000e0000000,0x00000000f658d6d0,0x00000000f6680000)
  from space 44032K, 53% used [0x00000000f6680000,0x00000000f7daa8f8,0x00000000f9180000)
  to   space 42496K, 0% used [0x00000000fd680000,0x00000000fd680000,0x0000000100000000)
 ParOldGen       total 148992K, used 53476K [0x00000000a0000000, 0x00000000a9180000, 0x00000000e0000000)
  object space 148992K, 35% used [0x00000000a0000000,0x00000000a34393d8,0x00000000a9180000)
 Metaspace       used 91410K, capacity 95842K, committed 96000K, reserved 1132544K
  class space    used 11615K, capacity 12543K, committed 12544K, reserved 1048576K
Event: 2534,833 GC heap after
Heap after GC invocations=25 (full 3):
 PSYoungGen      total 476672K, used 13997K [0x00000000e0000000, 0x00000000ffc80000, 0x0000000100000000)
  eden space 437760K, 0% used [0x00000000e0000000,0x00000000e0000000,0x00000000fab80000)
  from space 38912K, 35% used [0x00000000fd680000,0x00000000fe42b5f0,0x00000000ffc80000)
  to   space 41472K, 0% used [0x00000000fab80000,0x00000000fab80000,0x00000000fd400000)
 ParOldGen       total 148992K, used 68118K [0x00000000a0000000, 0x00000000a9180000, 0x00000000e0000000)
  object space 148992K, 45% used [0x00000000a0000000,0x00000000a4285ba8,0x00000000a9180000)
 Metaspace       used 91410K, capacity 95842K, committed 96000K, reserved 1132544K
  class space    used 11615K, capacity 12543K, committed 12544K, reserved 1048576K
}
Event: 4542,779 GC heap before
{Heap before GC invocations=26 (full 3):
 PSYoungGen      total 476672K, used 451757K [0x00000000e0000000, 0x00000000ffc80000, 0x0000000100000000)
  eden space 437760K, 100% used [0x00000000e0000000,0x00000000fab80000,0x00000000fab80000)
  from space 38912K, 35% used [0x00000000fd680000,0x00000000fe42b5f0,0x00000000ffc80000)
  to   space 41472K, 0% used [0x00000000fab80000,0x00000000fab80000,0x00000000fd400000)
 ParOldGen       total 148992K, used 68118K [0x00000000a0000000, 0x00000000a9180000, 0x00000000e0000000)
  object space 148992K, 45% used [0x00000000a0000000,0x00000000a4285ba8,0x00000000a9180000)
 Metaspace       used 92297K, capacity 96962K, committed 97280K, reserved 1134592K
  class space    used 11749K, capacity 12675K, committed 12800K, reserved 1048576K
Event: 4542,827 GC heap after
Heap after GC invocations=26 (full 3):
 PSYoungGen      total 479232K, used 19132K [0x00000000e0000000, 0x00000000fff80000, 0x0000000100000000)
  eden space 437760K, 0% used [0x00000000e0000000,0x00000000e0000000,0x00000000fab80000)
  from space 41472K, 46% used [0x00000000fab80000,0x00000000fbe2f3e0,0x00000000fd400000)
  to   space 39936K, 0% used [0x00000000fd880000,0x00000000fd880000,0x00000000fff80000)
 ParOldGen       total 148992K, used 68134K [0x00000000a0000000, 0x00000000a9180000, 0x00000000e0000000)
  object space 148992K, 45% used [0x00000000a0000000,0x00000000a4289ba8,0x00000000a9180000)
 Metaspace       used 92297K, capacity 96962K, committed 97280K, reserved 1134592K
  class space    used 11749K, capacity 12675K, committed 12800K, reserved 1048576K
}
Event: 4547,873 GC heap before
{Heap before GC invocations=27 (full 3):
 PSYoungGen      total 479232K, used 456892K [0x00000000e0000000, 0x00000000fff80000, 0x0000000100000000)
  eden space 437760K, 100% used [0x00000000e0000000,0x00000000fab80000,0x00000000fab80000)
  from space 41472K, 46% used [0x00000000fab80000,0x00000000fbe2f3e0,0x00000000fd400000)
  to   space 39936K, 0% used [0x00000000fd880000,0x00000000fd880000,0x00000000fff80000)
 ParOldGen       total 148992K, used 68134K [0x00000000a0000000, 0x00000000a9180000, 0x00000000e0000000)
  object space 148992K, 45% used [0x00000000a0000000,0x00000000a4289ba8,0x00000000a9180000)
 Metaspace       used 93169K, capacity 97914K, committed 98048K, reserved 1134592K
  class space    used 11817K, capacity 12775K, committed 12800K, reserved 1048576K
Event: 4547,923 GC heap after
Heap after GC invocations=27 (full 3):
 PSYoungGen      total 479744K, used 14024K [0x00000000e0000000, 0x00000000ffc80000, 0x0000000100000000)
  eden space 442880K, 0% used [0x00000000e0000000,0x00000000e0000000,0x00000000fb080000)
  from space 36864K, 38% used [0x00000000fd880000,0x00000000fe632058,0x00000000ffc80000)
  to   space 38912K, 0% used [0x00000000fb080000,0x00000000fb080000,0x00000000fd680000)
 ParOldGen       total 148992K, used 68142K [0x00000000a0000000, 0x00000000a9180000, 0x00000000e0000000)
  object space 148992K, 45% used [0x00000000a0000000,0x00000000a428bba8,0x00000000a9180000)
 Metaspace       used 93169K, capacity 97914K, committed 98048K, reserved 1134592K
  class space    used 11817K, capacity 12775K, committed 12800K, reserved 1048576K
}
Event: 4751,172 GC heap before
{Heap before GC invocations=28 (full 3):
 PSYoungGen      total 479744K, used 431750K [0x00000000e0000000, 0x00000000ffc80000, 0x0000000100000000)
  eden space 442880K, 94% used [0x00000000e0000000,0x00000000f97efa68,0x00000000fb080000)
  from space 36864K, 38% used [0x00000000fd880000,0x00000000fe632058,0x00000000ffc80000)
  to   space 38912K, 0% used [0x00000000fb080000,0x00000000fb080000,0x00000000fd680000)
 ParOldGen       total 148992K, used 68142K [0x00000000a0000000, 0x00000000a9180000, 0x00000000e0000000)
  object space 148992K, 45% used [0x00000000a0000000,0x00000000a428bba8,0x00000000a9180000)
 Metaspace       used 93431K, capacity 98322K, committed 98348K, reserved 1134592K
  class space    used 11854K, capacity 12843K, committed 12844K, reserved 1048576K
Event: 4751,199 GC heap after
Heap after GC invocations=28 (full 3):
 PSYoungGen      total 481792K, used 10624K [0x00000000e0000000, 0x0000000100000000, 0x0000000100000000)
  eden space 442880K, 0% used [0x00000000e0000000,0x00000000e0000000,0x00000000fb080000)
  from space 38912K, 27% used [0x00000000fb080000,0x00000000fbae0268,0x00000000fd680000)
  to   space 38400K, 0% used [0x00000000fda80000,0x00000000fda80000,0x0000000100000000)
 ParOldGen       total 148992K, used 68150K [0x00000000a0000000, 0x00000000a9180000, 0x00000000e0000000)
  object space 148992K, 45% used [0x00000000a0000000,0x00000000a428dba8,0x00000000a9180000)
 Metaspace       used 93431K, capacity 98322K, committed 98348K, reserved 1134592K
  class space    used 11854K, capacity 12843K, committed 12844K, reserved 1048576K
}
Event: 4751,199 GC heap before
{Heap before GC invocations=29 (full 4):
 PSYoungGen      total 481792K, used 10624K [0x00000000e0000000, 0x0000000100000000, 0x0000000100000000)
  eden space 442880K, 0% used [0x00000000e0000000,0x00000000e0000000,0x00000000fb080000)
  from space 38912K, 27% used [0x00000000fb080000,0x00000000fbae0268,0x00000000fd680000)
  to   space 38400K, 0% used [0x00000000fda80000,0x00000000fda80000,0x0000000100000000)
 ParOldGen       total 148992K, used 68150K [0x00000000a0000000, 0x00000000a9180000, 0x00000000e0000000)
  object space 148992K, 45% used [0x00000000a0000000,0x00000000a428dba8,0x00000000a9180000)
 Metaspace       used 93431K, capacity 98322K, committed 98348K, reserved 1134592K
  class space    used 11854K, capacity 12843K, committed 12844K, reserved 1048576K

